Build started 2018-03-03 오전 9:54:02.
     1>Project "C:\Users\황경윤\Documents\Visual Studio 2013\Projects\HYPERDRIVE(1)\HYPERDRIVE\HYPERDRIVE\HYPERDRIVE.vcxproj" on node 2 (Build target(s)).
     1>ClCompile:
         C:\Program Files (x86)\Microsoft Visual Studio 12.0\VC\bin\CL.exe /c /ZI /nologo /W3 /WX- /Od /Oy- /D _MBCS /Gm /EHsc /RTC1 /MD /GS /fp:precise /Zc:wchar_t /Zc:forScope /Fo"Debug\\" /Fd"Debug\vc120.pdb" /Gd /TP /analyze- /errorReport:prompt HD_Framework.cpp
         HD_Framework.cpp
     1>c:\users\황경윤\documents\visual studio 2013\projects\hyperdrive(1)\hyperdrive\hyperdrive\hd_framework.cpp(131): warning C4244: '=' : conversion from 'double' to 'int', possible loss of data
     1>c:\users\황경윤\documents\visual studio 2013\projects\hyperdrive(1)\hyperdrive\hyperdrive\hd_framework.cpp(132): warning C4244: '=' : conversion from 'double' to 'int', possible loss of data
     1>c:\users\황경윤\documents\visual studio 2013\projects\hyperdrive(1)\hyperdrive\hyperdrive\hd_framework.cpp(143): warning C4244: '=' : conversion from 'double' to 'int', possible loss of data
     1>c:\users\황경윤\documents\visual studio 2013\projects\hyperdrive(1)\hyperdrive\hyperdrive\hd_framework.cpp(144): warning C4244: '=' : conversion from 'double' to 'int', possible loss of data
     1>c:\users\황경윤\documents\visual studio 2013\projects\hyperdrive(1)\hyperdrive\hyperdrive\hd_framework.cpp(155): warning C4244: '=' : conversion from 'double' to 'int', possible loss of data
     1>c:\users\황경윤\documents\visual studio 2013\projects\hyperdrive(1)\hyperdrive\hyperdrive\hd_framework.cpp(156): warning C4244: '=' : conversion from 'double' to 'int', possible loss of data
     1>c:\users\황경윤\documents\visual studio 2013\projects\hyperdrive(1)\hyperdrive\hyperdrive\hd_framework.cpp(166): warning C4244: '=' : conversion from 'double' to 'int', possible loss of data
     1>c:\users\황경윤\documents\visual studio 2013\projects\hyperdrive(1)\hyperdrive\hyperdrive\hd_framework.cpp(167): warning C4244: '=' : conversion from 'double' to 'int', possible loss of data
     1>c:\users\황경윤\documents\visual studio 2013\projects\hyperdrive(1)\hyperdrive\hyperdrive\hd_framework.cpp(175): warning C4244: '=' : conversion from 'double' to 'int', possible loss of data
     1>c:\users\황경윤\documents\visual studio 2013\projects\hyperdrive(1)\hyperdrive\hyperdrive\hd_framework.cpp(176): warning C4244: '=' : conversion from 'double' to 'int', possible loss of data
     1>c:\users\황경윤\documents\visual studio 2013\projects\hyperdrive(1)\hyperdrive\hyperdrive\hd_framework.cpp(184): warning C4244: '=' : conversion from 'double' to 'int', possible loss of data
     1>c:\users\황경윤\documents\visual studio 2013\projects\hyperdrive(1)\hyperdrive\hyperdrive\hd_framework.cpp(185): warning C4244: '=' : conversion from 'double' to 'int', possible loss of data
     1>c:\users\황경윤\documents\visual studio 2013\projects\hyperdrive(1)\hyperdrive\hyperdrive\hd_framework.cpp(193): warning C4244: '=' : conversion from 'double' to 'int', possible loss of data
     1>c:\users\황경윤\documents\visual studio 2013\projects\hyperdrive(1)\hyperdrive\hyperdrive\hd_framework.cpp(194): warning C4244: '=' : conversion from 'double' to 'int', possible loss of data
     1>c:\users\황경윤\documents\visual studio 2013\projects\hyperdrive(1)\hyperdrive\hyperdrive\hd_framework.cpp(201): warning C4244: '=' : conversion from 'double' to 'int', possible loss of data
     1>c:\users\황경윤\documents\visual studio 2013\projects\hyperdrive(1)\hyperdrive\hyperdrive\hd_framework.cpp(202): warning C4244: '=' : conversion from 'double' to 'int', possible loss of data
     1>c:\users\황경윤\documents\visual studio 2013\projects\hyperdrive(1)\hyperdrive\hyperdrive\hd_framework.cpp(210): warning C4244: '=' : conversion from 'double' to 'int', possible loss of data
     1>c:\users\황경윤\documents\visual studio 2013\projects\hyperdrive(1)\hyperdrive\hyperdrive\hd_framework.cpp(211): warning C4244: '=' : conversion from 'double' to 'int', possible loss of data
     1>c:\users\황경윤\documents\visual studio 2013\projects\hyperdrive(1)\hyperdrive\hyperdrive\hd_framework.cpp(222): warning C4244: '=' : conversion from 'double' to 'int', possible loss of data
     1>c:\users\황경윤\documents\visual studio 2013\projects\hyperdrive(1)\hyperdrive\hyperdrive\hd_framework.cpp(223): warning C4244: '=' : conversion from 'double' to 'int', possible loss of data
     1>c:\users\황경윤\documents\visual studio 2013\projects\hyperdrive(1)\hyperdrive\hyperdrive\hd_framework.cpp(254): warning C4244: '=' : conversion from 'double' to 'int', possible loss of data
     1>c:\users\황경윤\documents\visual studio 2013\projects\hyperdrive(1)\hyperdrive\hyperdrive\hd_framework.cpp(255): warning C4244: '=' : conversion from 'double' to 'int', possible loss of data
     1>c:\users\황경윤\documents\visual studio 2013\projects\hyperdrive(1)\hyperdrive\hyperdrive\hd_framework.cpp(125): warning C4101: 'j' : unreferenced local variable
     1>c:\users\황경윤\documents\visual studio 2013\projects\hyperdrive(1)\hyperdrive\hyperdrive\hd_framework.cpp(494): warning C4244: '+=' : conversion from 'double' to 'int', possible loss of data
     1>c:\users\황경윤\documents\visual studio 2013\projects\hyperdrive(1)\hyperdrive\hyperdrive\hd_framework.cpp(556): warning C4244: '+=' : conversion from 'double' to 'int', possible loss of data
     1>c:\users\황경윤\documents\visual studio 2013\projects\hyperdrive(1)\hyperdrive\hyperdrive\hd_framework.cpp(583): warning C4101: 'a' : unreferenced local variable
     1>c:\users\황경윤\documents\visual studio 2013\projects\hyperdrive(1)\hyperdrive\hyperdrive\hd_framework.cpp(1416): warning C4244: '=' : conversion from 'double' to 'int', possible loss of data
     1>c:\users\황경윤\documents\visual studio 2013\projects\hyperdrive(1)\hyperdrive\hyperdrive\hd_framework.cpp(1417): warning C4244: '=' : conversion from 'double' to 'int', possible loss of data
     1>c:\users\황경윤\documents\visual studio 2013\projects\hyperdrive(1)\hyperdrive\hyperdrive\hd_framework.cpp(1570): warning C4244: '=' : conversion from 'double' to 'int', possible loss of data
     1>c:\users\황경윤\documents\visual studio 2013\projects\hyperdrive(1)\hyperdrive\hyperdrive\hd_framework.cpp(1571): warning C4244: '=' : conversion from 'double' to 'int', possible loss of data
     1>c:\users\황경윤\documents\visual studio 2013\projects\hyperdrive(1)\hyperdrive\hyperdrive\hd_framework.cpp(1595): warning C4244: '=' : conversion from 'double' to 'int', possible loss of data
     1>c:\users\황경윤\documents\visual studio 2013\projects\hyperdrive(1)\hyperdrive\hyperdrive\hd_framework.cpp(1596): warning C4244: '=' : conversion from 'double' to 'int', possible loss of data
     1>c:\users\황경윤\documents\visual studio 2013\projects\hyperdrive(1)\hyperdrive\hyperdrive\hd_framework.cpp(2155): warning C4244: '=' : conversion from 'double' to 'int', possible loss of data
     1>c:\users\황경윤\documents\visual studio 2013\projects\hyperdrive(1)\hyperdrive\hyperdrive\hd_framework.cpp(2156): warning C4244: '=' : conversion from 'double' to 'int', possible loss of data
     1>c:\users\황경윤\documents\visual studio 2013\projects\hyperdrive(1)\hyperdrive\hyperdrive\hd_framework.cpp(4778): warning C4244: '=' : conversion from 'double' to 'int', possible loss of data
     1>c:\users\황경윤\documents\visual studio 2013\projects\hyperdrive(1)\hyperdrive\hyperdrive\hd_framework.cpp(4779): warning C4244: '=' : conversion from 'double' to 'int', possible loss of data
     1>c:\users\황경윤\documents\visual studio 2013\projects\hyperdrive(1)\hyperdrive\hyperdrive\hd_framework.cpp(4789): warning C4244: '=' : conversion from 'double' to 'int', possible loss of data
     1>c:\users\황경윤\documents\visual studio 2013\projects\hyperdrive(1)\hyperdrive\hyperdrive\hd_framework.cpp(4790): warning C4244: '=' : conversion from 'double' to 'int', possible loss of data
       Link:
         C:\Program Files (x86)\Microsoft Visual Studio 12.0\VC\bin\link.exe /ERRORREPORT:PROMPT /OUT:"C:\Users\황경윤\Documents\Visual Studio 2013\Projects\HYPERDRIVE(1)\HYPERDRIVE\Debug\HYPERDRIVE.exe" /INCREMENTAL /NOLOGO SDL2.lib SDL2main.lib SDL2_image.lib SDL2_mixer.lib SDL2_ttf.lib kernel32.lib user32.lib gdi32.lib winspool.lib comdlg32.lib advapi32.lib shell32.lib ole32.lib oleaut32.lib uuid.lib odbc32.lib odbccp32.lib /MANIFEST /MANIFESTUAC:"level='asInvoker' uiAccess='false'" /manifest:embed /DEBUG /PDB:"C:\Users\황경윤\Documents\Visual Studio 2013\Projects\HYPERDRIVE(1)\HYPERDRIVE\Debug\HYPERDRIVE.pdb" /SUBSYSTEM:WINDOWS /TLBID:1 /DYNAMICBASE /NXCOMPAT /IMPLIB:"C:\Users\황경윤\Documents\Visual Studio 2013\Projects\HYPERDRIVE(1)\HYPERDRIVE\Debug\HYPERDRIVE.lib" /MACHINE:X86 Debug\HD_Framework.obj
         Debug\HD_Framework_Sub.obj
         Debug\HD_Game.obj
         Debug\HD_Menu.obj
         Debug\HD_Object.obj
         Debug\HD_Player.obj
         Debug\main.obj
         HYPERDRIVE.vcxproj -> C:\Users\황경윤\Documents\Visual Studio 2013\Projects\HYPERDRIVE(1)\HYPERDRIVE\Debug\HYPERDRIVE.exe
     1>Done Building Project "C:\Users\황경윤\Documents\Visual Studio 2013\Projects\HYPERDRIVE(1)\HYPERDRIVE\HYPERDRIVE\HYPERDRIVE.vcxproj" (Build target(s)).

Build succeeded.

Time Elapsed 00:00:02.90
