c:\users\황경윤\documents\visual studio 2013\projects\hyperdrive(1)\hyperdrive\hyperdrive\debug\vc120.pdb
c:\users\황경윤\documents\visual studio 2013\projects\hyperdrive(1)\hyperdrive\hyperdrive\debug\vc120.idb
c:\users\황경윤\documents\visual studio 2013\projects\hyperdrive(1)\hyperdrive\hyperdrive\debug\hd_framework.obj
c:\users\황경윤\documents\visual studio 2013\projects\hyperdrive(1)\hyperdrive\hyperdrive\debug\hd_framework_sub.obj
c:\users\황경윤\documents\visual studio 2013\projects\hyperdrive(1)\hyperdrive\hyperdrive\debug\hd_game.obj
c:\users\황경윤\documents\visual studio 2013\projects\hyperdrive(1)\hyperdrive\hyperdrive\debug\hd_menu.obj
c:\users\황경윤\documents\visual studio 2013\projects\hyperdrive(1)\hyperdrive\hyperdrive\debug\hd_object.obj
c:\users\황경윤\documents\visual studio 2013\projects\hyperdrive(1)\hyperdrive\hyperdrive\debug\hd_player.obj
c:\users\황경윤\documents\visual studio 2013\projects\hyperdrive(1)\hyperdrive\hyperdrive\debug\main.obj
c:\users\황경윤\documents\visual studio 2013\projects\hyperdrive(1)\hyperdrive\debug\hyperdrive.lib
c:\users\황경윤\documents\visual studio 2013\projects\hyperdrive(1)\hyperdrive\debug\hyperdrive.exp
c:\users\황경윤\documents\visual studio 2013\projects\hyperdrive(1)\hyperdrive\debug\hyperdrive.ilk
c:\users\황경윤\documents\visual studio 2013\projects\hyperdrive(1)\hyperdrive\debug\hyperdrive.exe
c:\users\황경윤\documents\visual studio 2013\projects\hyperdrive(1)\hyperdrive\debug\hyperdrive.pdb
c:\users\황경윤\documents\visual studio 2013\projects\hyperdrive(1)\hyperdrive\hyperdrive\debug\hyperdrive.tlog\cl.command.1.tlog
c:\users\황경윤\documents\visual studio 2013\projects\hyperdrive(1)\hyperdrive\hyperdrive\debug\hyperdrive.tlog\cl.read.1.tlog
c:\users\황경윤\documents\visual studio 2013\projects\hyperdrive(1)\hyperdrive\hyperdrive\debug\hyperdrive.tlog\cl.write.1.tlog
c:\users\황경윤\documents\visual studio 2013\projects\hyperdrive(1)\hyperdrive\hyperdrive\debug\hyperdrive.tlog\hyperdrive.write.1u.tlog
c:\users\황경윤\documents\visual studio 2013\projects\hyperdrive(1)\hyperdrive\hyperdrive\debug\hyperdrive.tlog\link.command.1.tlog
c:\users\황경윤\documents\visual studio 2013\projects\hyperdrive(1)\hyperdrive\hyperdrive\debug\hyperdrive.tlog\link.read.1.tlog
c:\users\황경윤\documents\visual studio 2013\projects\hyperdrive(1)\hyperdrive\hyperdrive\debug\hyperdrive.tlog\link.write.1.tlog
